
Attaching package: ‘dplyr’

The following objects are masked from ‘package:stats’:

    filter, lag

The following objects are masked from ‘package:base’:

    intersect, setdiff, setequal, union

Map from URL : http://maps.googleapis.com/maps/api/staticmap?center=auburn+university&zoom=14&size=640x640&scale=2&maptype=terrain&language=en-EN&sensor=false
Information from URL : http://maps.googleapis.com/maps/api/geocode/json?address=auburn%20university&sensor=false
[1] "\nmap <- ggmap(auburn_map, extent = 'device') + geom_point(data = cell_frame, aes(x = lon, y = lat, size = rxl), alpha = 1, size = 3) + geom_density2d(data = cell_frame, aes(x = lon, y = lat), size = 0.3) + stat_density2d(data =  cell_frame, aes(x = lon, y = lat, fill = ..level.., alpha = ..level..), size = 0.01, bins = 16, geom = 'polygon') + scale_fill_gradient(low = 'green', high = 'red') + scale_alpha(range = c(0, 0.3), guide = FALSE)\n"
[1] "\nmap <- ggmap(auburn_map, extent = 'device') + geom_point(aes(x = lon, y = lat), colour = 'black',  alpha = 1, size = 2, data = cell_frame)\n"
Warning message:
`panel.margin` is deprecated. Please use `panel.spacing` property instead 
null device 
          1 

Attaching package: ‘dplyr’

The following objects are masked from ‘package:stats’:

    filter, lag

The following objects are masked from ‘package:base’:

    intersect, setdiff, setequal, union

Map from URL : http://maps.googleapis.com/maps/api/staticmap?center=auburn+university&zoom=14&size=640x640&scale=2&maptype=terrain&language=en-EN&sensor=false
Information from URL : http://maps.googleapis.com/maps/api/geocode/json?address=auburn%20university&sensor=false
[1] "\nmap <- ggmap(auburn_map, extent = 'device') + geom_point(data = cell_frame, aes(x = lon, y = lat, size = rxl), alpha = 1, size = 3) + geom_density2d(data = cell_frame, aes(x = lon, y = lat), size = 0.3) + stat_density2d(data =  cell_frame, aes(x = lon, y = lat, fill = ..level.., alpha = ..level..), size = 0.01, bins = 16, geom = 'polygon') + scale_fill_gradient(low = 'green', high = 'red') + scale_alpha(range = c(0, 0.3), guide = FALSE)\n"
[1] "\nmap <- ggmap(auburn_map, extent = 'device') + geom_point(aes(x = lon, y = lat), colour = 'black',  alpha = 1, size = 2, data = cell_frame)\n"
Warning message:
`panel.margin` is deprecated. Please use `panel.spacing` property instead 
null device 
          1 

Attaching package: ‘dplyr’

The following objects are masked from ‘package:stats’:

    filter, lag

The following objects are masked from ‘package:base’:

    intersect, setdiff, setequal, union

Map from URL : http://maps.googleapis.com/maps/api/staticmap?center=auburn+university&zoom=14&size=640x640&scale=2&maptype=terrain&language=en-EN&sensor=false
Information from URL : http://maps.googleapis.com/maps/api/geocode/json?address=auburn%20university&sensor=false
[1] "\nmap <- ggmap(auburn_map, extent = 'device') + geom_point(data = cell_frame, aes(x = lon, y = lat, size = rxl), alpha = 1, size = 3) + geom_density2d(data = cell_frame, aes(x = lon, y = lat), size = 0.3) + stat_density2d(data =  cell_frame, aes(x = lon, y = lat, fill = ..level.., alpha = ..level..), size = 0.01, bins = 16, geom = 'polygon') + scale_fill_gradient(low = 'green', high = 'red') + scale_alpha(range = c(0, 0.3), guide = FALSE)\n"
[1] "\nmap <- ggmap(auburn_map, extent = 'device') + geom_point(aes(x = lon, y = lat), colour = 'black',  alpha = 1, size = 2, data = cell_frame)\n"
Warning message:
`panel.margin` is deprecated. Please use `panel.spacing` property instead 
null device 
          1 

Attaching package: ‘dplyr’

The following objects are masked from ‘package:stats’:

    filter, lag

The following objects are masked from ‘package:base’:

    intersect, setdiff, setequal, union

Map from URL : http://maps.googleapis.com/maps/api/staticmap?center=auburn+university&zoom=14&size=640x640&scale=2&maptype=terrain&language=en-EN&sensor=false
Information from URL : http://maps.googleapis.com/maps/api/geocode/json?address=auburn%20university&sensor=false
[1] "\nmap <- ggmap(auburn_map, extent = 'device') + geom_point(data = cell_frame, aes(x = lon, y = lat, size = rxl), alpha = 1, size = 3) + geom_density2d(data = cell_frame, aes(x = lon, y = lat), size = 0.3) + stat_density2d(data =  cell_frame, aes(x = lon, y = lat, fill = ..level.., alpha = ..level..), size = 0.01, bins = 16, geom = 'polygon') + scale_fill_gradient(low = 'green', high = 'red') + scale_alpha(range = c(0, 0.3), guide = FALSE)\n"
[1] "\nmap <- ggmap(auburn_map, extent = 'device') + geom_point(aes(x = lon, y = lat), colour = 'black',  alpha = 1, size = 2, data = cell_frame)\n"
Warning message:
`panel.margin` is deprecated. Please use `panel.spacing` property instead 
null device 
          1 

Attaching package: ‘dplyr’

The following objects are masked from ‘package:stats’:

    filter, lag

The following objects are masked from ‘package:base’:

    intersect, setdiff, setequal, union

Map from URL : http://maps.googleapis.com/maps/api/staticmap?center=auburn+university&zoom=14&size=640x640&scale=2&maptype=terrain&language=en-EN&sensor=false
Information from URL : http://maps.googleapis.com/maps/api/geocode/json?address=auburn%20university&sensor=false
[1] "\nmap <- ggmap(auburn_map, extent = 'device') + geom_point(data = cell_frame, aes(x = lon, y = lat, size = rxl), alpha = 1, size = 3) + geom_density2d(data = cell_frame, aes(x = lon, y = lat), size = 0.3) + stat_density2d(data =  cell_frame, aes(x = lon, y = lat, fill = ..level.., alpha = ..level..), size = 0.01, bins = 16, geom = 'polygon') + scale_fill_gradient(low = 'green', high = 'red') + scale_alpha(range = c(0, 0.3), guide = FALSE)\n"
[1] "\nmap <- ggmap(auburn_map, extent = 'device') + geom_point(aes(x = lon, y = lat), colour = 'black',  alpha = 1, size = 2, data = cell_frame)\n"
Warning message:
`panel.margin` is deprecated. Please use `panel.spacing` property instead 
null device 
          1 

Attaching package: ‘dplyr’

The following objects are masked from ‘package:stats’:

    filter, lag

The following objects are masked from ‘package:base’:

    intersect, setdiff, setequal, union

Map from URL : http://maps.googleapis.com/maps/api/staticmap?center=auburn+university&zoom=14&size=640x640&scale=2&maptype=terrain&language=en-EN&sensor=false
Information from URL : http://maps.googleapis.com/maps/api/geocode/json?address=auburn%20university&sensor=false
[1] "\nmap <- ggmap(auburn_map, extent = 'device') + geom_point(data = cell_frame, aes(x = lon, y = lat, size = rxl), alpha = 1, size = 3) + geom_density2d(data = cell_frame, aes(x = lon, y = lat), size = 0.3) + stat_density2d(data =  cell_frame, aes(x = lon, y = lat, fill = ..level.., alpha = ..level..), size = 0.01, bins = 16, geom = 'polygon') + scale_fill_gradient(low = 'green', high = 'red') + scale_alpha(range = c(0, 0.3), guide = FALSE)\n"
[1] "\nmap <- ggmap(auburn_map, extent = 'device') + geom_point(aes(x = lon, y = lat), colour = 'black',  alpha = 1, size = 2, data = cell_frame)\n"
Warning message:
`panel.margin` is deprecated. Please use `panel.spacing` property instead 
null device 
          1 

Attaching package: ‘dplyr’

The following objects are masked from ‘package:stats’:

    filter, lag

The following objects are masked from ‘package:base’:

    intersect, setdiff, setequal, union

Map from URL : http://maps.googleapis.com/maps/api/staticmap?center=auburn+university&zoom=14&size=640x640&scale=2&maptype=terrain&language=en-EN&sensor=false
Information from URL : http://maps.googleapis.com/maps/api/geocode/json?address=auburn%20university&sensor=false
[1] "\nmap <- ggmap(auburn_map, extent = 'device') + geom_point(data = cell_frame, aes(x = lon, y = lat, size = rxl), alpha = 1, size = 3) + geom_density2d(data = cell_frame, aes(x = lon, y = lat), size = 0.3) + stat_density2d(data =  cell_frame, aes(x = lon, y = lat, fill = ..level.., alpha = ..level..), size = 0.01, bins = 16, geom = 'polygon') + scale_fill_gradient(low = 'green', high = 'red') + scale_alpha(range = c(0, 0.3), guide = FALSE)\n"
[1] "\nmap <- ggmap(auburn_map, extent = 'device') + geom_point(aes(x = lon, y = lat), colour = 'black',  alpha = 1, size = 2, data = cell_frame)\n"
Warning message:
`panel.margin` is deprecated. Please use `panel.spacing` property instead 
null device 
          1 

Attaching package: ‘dplyr’

The following objects are masked from ‘package:stats’:

    filter, lag

The following objects are masked from ‘package:base’:

    intersect, setdiff, setequal, union

Map from URL : http://maps.googleapis.com/maps/api/staticmap?center=auburn+university&zoom=14&size=640x640&scale=2&maptype=terrain&language=en-EN&sensor=false
Information from URL : http://maps.googleapis.com/maps/api/geocode/json?address=auburn%20university&sensor=false
[1] "\nmap <- ggmap(auburn_map, extent = 'device') + geom_point(data = cell_frame, aes(x = lon, y = lat, size = rxl), alpha = 1, size = 3) + geom_density2d(data = cell_frame, aes(x = lon, y = lat), size = 0.3) + stat_density2d(data =  cell_frame, aes(x = lon, y = lat, fill = ..level.., alpha = ..level..), size = 0.01, bins = 16, geom = 'polygon') + scale_fill_gradient(low = 'green', high = 'red') + scale_alpha(range = c(0, 0.3), guide = FALSE)\n"
[1] "\nmap <- ggmap(auburn_map, extent = 'device') + geom_point(aes(x = lon, y = lat), colour = 'black',  alpha = 1, size = 2, data = cell_frame)\n"
Warning message:
`panel.margin` is deprecated. Please use `panel.spacing` property instead 
null device 
          1 

Attaching package: ‘dplyr’

The following objects are masked from ‘package:stats’:

    filter, lag

The following objects are masked from ‘package:base’:

    intersect, setdiff, setequal, union

Map from URL : http://maps.googleapis.com/maps/api/staticmap?center=auburn+university&zoom=14&size=640x640&scale=2&maptype=terrain&language=en-EN&sensor=false
Information from URL : http://maps.googleapis.com/maps/api/geocode/json?address=auburn%20university&sensor=false
[1] "\nmap <- ggmap(auburn_map, extent = 'device') + geom_point(data = cell_frame, aes(x = lon, y = lat, size = rxl), alpha = 1, size = 3) + geom_density2d(data = cell_frame, aes(x = lon, y = lat), size = 0.3) + stat_density2d(data =  cell_frame, aes(x = lon, y = lat, fill = ..level.., alpha = ..level..), size = 0.01, bins = 16, geom = 'polygon') + scale_fill_gradient(low = 'green', high = 'red') + scale_alpha(range = c(0, 0.3), guide = FALSE)\n"
[1] "\nmap <- ggmap(auburn_map, extent = 'device') + geom_point(aes(x = lon, y = lat), colour = 'black',  alpha = 1, size = 2, data = cell_frame)\n"
Warning message:
`panel.margin` is deprecated. Please use `panel.spacing` property instead 
null device 
          1 

Attaching package: ‘dplyr’

The following objects are masked from ‘package:stats’:

    filter, lag

The following objects are masked from ‘package:base’:

    intersect, setdiff, setequal, union

Map from URL : http://maps.googleapis.com/maps/api/staticmap?center=auburn+university&zoom=14&size=640x640&scale=2&maptype=terrain&language=en-EN&sensor=false
Information from URL : http://maps.googleapis.com/maps/api/geocode/json?address=auburn%20university&sensor=false
[1] "\nmap <- ggmap(auburn_map, extent = 'device') + geom_point(data = cell_frame, aes(x = lon, y = lat, size = rxl), alpha = 1, size = 3) + geom_density2d(data = cell_frame, aes(x = lon, y = lat), size = 0.3) + stat_density2d(data =  cell_frame, aes(x = lon, y = lat, fill = ..level.., alpha = ..level..), size = 0.01, bins = 16, geom = 'polygon') + scale_fill_gradient(low = 'green', high = 'red') + scale_alpha(range = c(0, 0.3), guide = FALSE)\n"
[1] "\nmap <- ggmap(auburn_map, extent = 'device') + geom_point(aes(x = lon, y = lat), colour = 'black',  alpha = 1, size = 2, data = cell_frame)\n"
Warning message:
`panel.margin` is deprecated. Please use `panel.spacing` property instead 
null device 
          1 

Attaching package: ‘dplyr’

The following objects are masked from ‘package:stats’:

    filter, lag

The following objects are masked from ‘package:base’:

    intersect, setdiff, setequal, union

Map from URL : http://maps.googleapis.com/maps/api/staticmap?center=auburn+university&zoom=14&size=640x640&scale=2&maptype=terrain&language=en-EN&sensor=false
Information from URL : http://maps.googleapis.com/maps/api/geocode/json?address=auburn%20university&sensor=false
[1] "\nmap <- ggmap(auburn_map, extent = 'device') + geom_point(data = cell_frame, aes(x = lon, y = lat, size = rxl), alpha = 1, size = 3) + geom_density2d(data = cell_frame, aes(x = lon, y = lat), size = 0.3) + stat_density2d(data =  cell_frame, aes(x = lon, y = lat, fill = ..level.., alpha = ..level..), size = 0.01, bins = 16, geom = 'polygon') + scale_fill_gradient(low = 'green', high = 'red') + scale_alpha(range = c(0, 0.3), guide = FALSE)\n"
[1] "\nmap <- ggmap(auburn_map, extent = 'device') + geom_point(aes(x = lon, y = lat), colour = 'black',  alpha = 1, size = 2, data = cell_frame)\n"
Warning message:
`panel.margin` is deprecated. Please use `panel.spacing` property instead 
null device 
          1 

Attaching package: ‘dplyr’

The following objects are masked from ‘package:stats’:

    filter, lag

The following objects are masked from ‘package:base’:

    intersect, setdiff, setequal, union

Map from URL : http://maps.googleapis.com/maps/api/staticmap?center=auburn+university&zoom=14&size=640x640&scale=2&maptype=terrain&language=en-EN&sensor=false
Information from URL : http://maps.googleapis.com/maps/api/geocode/json?address=auburn%20university&sensor=false
[1] "\nmap <- ggmap(auburn_map, extent = 'device') + geom_point(data = cell_frame, aes(x = lon, y = lat, size = rxl), alpha = 1, size = 3) + geom_density2d(data = cell_frame, aes(x = lon, y = lat), size = 0.3) + stat_density2d(data =  cell_frame, aes(x = lon, y = lat, fill = ..level.., alpha = ..level..), size = 0.01, bins = 16, geom = 'polygon') + scale_fill_gradient(low = 'green', high = 'red') + scale_alpha(range = c(0, 0.3), guide = FALSE)\n"
[1] "\nmap <- ggmap(auburn_map, extent = 'device') + geom_point(aes(x = lon, y = lat), colour = 'black',  alpha = 1, size = 2, data = cell_frame)\n"
Warning message:
`panel.margin` is deprecated. Please use `panel.spacing` property instead 
null device 
          1 

Attaching package: ‘dplyr’

The following objects are masked from ‘package:stats’:

    filter, lag

The following objects are masked from ‘package:base’:

    intersect, setdiff, setequal, union

Map from URL : http://maps.googleapis.com/maps/api/staticmap?center=auburn+university&zoom=14&size=640x640&scale=2&maptype=terrain&language=en-EN&sensor=false
Information from URL : http://maps.googleapis.com/maps/api/geocode/json?address=auburn%20university&sensor=false
[1] "\nmap <- ggmap(auburn_map, extent = 'device') + geom_point(data = cell_frame, aes(x = lon, y = lat, size = rxl), alpha = 1, size = 3) + geom_density2d(data = cell_frame, aes(x = lon, y = lat), size = 0.3) + stat_density2d(data =  cell_frame, aes(x = lon, y = lat, fill = ..level.., alpha = ..level..), size = 0.01, bins = 16, geom = 'polygon') + scale_fill_gradient(low = 'green', high = 'red') + scale_alpha(range = c(0, 0.3), guide = FALSE)\n"
[1] "\nmap <- ggmap(auburn_map, extent = 'device') + geom_point(aes(x = lon, y = lat), colour = 'black',  alpha = 1, size = 2, data = cell_frame)\n"
Warning message:
`panel.margin` is deprecated. Please use `panel.spacing` property instead 
null device 
          1 

Attaching package: ‘dplyr’

The following objects are masked from ‘package:stats’:

    filter, lag

The following objects are masked from ‘package:base’:

    intersect, setdiff, setequal, union

Map from URL : http://maps.googleapis.com/maps/api/staticmap?center=auburn+university&zoom=14&size=640x640&scale=2&maptype=terrain&language=en-EN&sensor=false
Information from URL : http://maps.googleapis.com/maps/api/geocode/json?address=auburn%20university&sensor=false
[1] "\nmap <- ggmap(auburn_map, extent = 'device') + geom_point(data = cell_frame, aes(x = lon, y = lat, size = rxl), alpha = 1, size = 3) + geom_density2d(data = cell_frame, aes(x = lon, y = lat), size = 0.3) + stat_density2d(data =  cell_frame, aes(x = lon, y = lat, fill = ..level.., alpha = ..level..), size = 0.01, bins = 16, geom = 'polygon') + scale_fill_gradient(low = 'green', high = 'red') + scale_alpha(range = c(0, 0.3), guide = FALSE)\n"
[1] "\nmap <- ggmap(auburn_map, extent = 'device') + geom_point(aes(x = lon, y = lat), colour = 'black',  alpha = 1, size = 2, data = cell_frame)\n"
Warning message:
`panel.margin` is deprecated. Please use `panel.spacing` property instead 
null device 
          1 
