[33m[nodemon] 1.11.0[39m
[33m[nodemon] to restart at any time, enter `rs`[39m
[33m[nodemon] watching: *.*[39m
[32m[nodemon] starting `node server.js`[39m
10:35:48 AM - [32minfo[39m: server started on: 3000
events.js:141
      throw er; // Unhandled 'error' event
      ^

Error: listen EADDRINUSE :::3000
    at Object.exports._errnoException (util.js:907:11)
    at exports._exceptionWithHostPort (util.js:930:20)
    at Server._listen2 (net.js:1250:14)
    at listen (net.js:1286:10)
    at Server.listen (net.js:1382:5)
    at EventEmitter.listen (/home/lee/git/CT_Project_Dev/http_server/node_modules/express/lib/application.js:618:24)
    at Object.<anonymous> (/home/lee/git/CT_Project_Dev/http_server/server.js:61:5)
    at Module._compile (module.js:409:26)
    at Object.Module._extensions..js (module.js:416:10)
    at Module.load (module.js:343:32)
[31m[nodemon] app crashed - waiting for file changes before starting...[39m
[32m[nodemon] restarting due to changes...[39m
[32m[nodemon] starting `node server.js`[39m
10:35:58 AM - [32minfo[39m: server started on: 3000
[32m[nodemon] restarting due to changes...[39m
[32m[nodemon] starting `node server.js`[39m
10:36:24 AM - [32minfo[39m: server started on: 3000
events.js:141
      throw er; // Unhandled 'error' event
      ^

Error: listen EADDRINUSE :::3000
    at Object.exports._errnoException (util.js:907:11)
    at exports._exceptionWithHostPort (util.js:930:20)
    at Server._listen2 (net.js:1250:14)
    at listen (net.js:1286:10)
    at Server.listen (net.js:1382:5)
    at EventEmitter.listen (/home/lee/git/CT_Project_Dev/http_server/node_modules/express/lib/application.js:618:24)
    at Object.<anonymous> (/home/lee/git/CT_Project_Dev/http_server/server.js:61:5)
    at Module._compile (module.js:409:26)
    at Object.Module._extensions..js (module.js:416:10)
    at Module.load (module.js:343:32)
[31m[nodemon] app crashed - waiting for file changes before starting...[39m
